This is pdfTeX, Version 3.14159265-2.6-1.40.15 (TeX Live 2014/Debian) (preloaded format=pdflatex 2015.9.7)  14 DEC 2017 13:35
entering extended mode
 restricted \write18 enabled.
 %&-line parsing enabled.
**main.tex
(./main.tex
LaTeX2e <2014/05/01>
Babel <3.9k> and hyphenation patterns for 79 languages loaded.
(./IWIposter.cls
Document Class: IWIposter 2006/09/08 v2.03 IWI a0 poster class (MHFW, AMW)
(/usr/share/texlive/texmf-dist/tex/latex/base/ifthen.sty
Package: ifthen 2001/05/26 v1.1c Standard LaTeX ifthen package (DPC)
)
(/usr/share/texlive/texmf-dist/tex/latex/tools/calc.sty
Package: calc 2007/08/22 v4.3 Infix arithmetic (KKT,FJ)
\calc@Acount=\count79
\calc@Bcount=\count80
\calc@Adimen=\dimen102
\calc@Bdimen=\dimen103
\calc@Askip=\skip41
\calc@Bskip=\skip42
LaTeX Info: Redefining \setlength on input line 75.
LaTeX Info: Redefining \addtolength on input line 76.
\calc@Ccount=\count81
\calc@Cskip=\skip43
)
(/usr/share/texlive/texmf-dist/tex/latex/oberdiek/settobox.sty
Package: settobox 2008/08/11 v1.4 Assign box dimensions to length registers (HO
)
)
(./sciposter.cls
Document Class: sciposter 2006/09/07 v2.0 scientific poster class (MHFW, AMW)
(/usr/share/texlive/texmf-dist/tex/latex/base/article.cls
Document Class: article 2007/10/19 v1.4h Standard LaTeX document class
(/usr/share/texlive/texmf-dist/tex/latex/base/size10.clo
File: size10.clo 2007/10/19 v1.4h Standard LaTeX file (size option)
)
\c@part=\count82
\c@section=\count83
\c@subsection=\count84
\c@subsubsection=\count85
\c@paragraph=\count86
\c@subparagraph=\count87
\c@figure=\count88
\c@table=\count89
\abovecaptionskip=\skip44
\belowcaptionskip=\skip45
\bibindent=\dimen104
) (./lettrine.sty
File: lettrine.sty 2007/08/08 v1.62 (Daniel Flipo)

(/usr/share/texlive/texmf-dist/tex/latex/graphics/keyval.sty
Package: keyval 2014/05/08 v1.15 key=value parser (DPC)
\KV@toks@=\toks14
)
\c@DefaultLines=\count90
\DefaultFindent=\dimen105
\DefaultNindent=\dimen106
\DefaultSlope=\dimen107
\L@lbox=\box26
\L@tbox=\box27
\c@L@lines=\count91
\L@Pindent=\dimen108
\L@Findent=\dimen109
\L@Nindent=\dimen110
\L@lraise=\dimen111
\L@first=\dimen112
\L@next=\dimen113
\L@slope=\dimen114
\L@height=\dimen115
\LettrineWidth=\dimen116

Loading lettrine.cfg
(/usr/share/texlive/texmf-dist/tex/latex/lettrine/lettrine.cfg))
\papermargin=\skip46
\vmargin=\skip47
\hmargin=\skip48

(/usr/share/texlive/texmf-dist/tex/latex/graphics/epsfig.sty
Package: epsfig 1999/02/16 v1.7a (e)psfig emulation (SPQR)

(/usr/share/texlive/texmf-dist/tex/latex/graphics/graphicx.sty
Package: graphicx 2014/04/25 v1.0g Enhanced LaTeX Graphics (DPC,SPQR)

(/usr/share/texlive/texmf-dist/tex/latex/graphics/graphics.sty
Package: graphics 2009/02/05 v1.0o Standard LaTeX Graphics (DPC,SPQR)

(/usr/share/texlive/texmf-dist/tex/latex/graphics/trig.sty
Package: trig 1999/03/16 v1.09 sin cos tan (DPC)
)
(/usr/share/texlive/texmf-dist/tex/latex/latexconfig/graphics.cfg
File: graphics.cfg 2010/04/23 v1.9 graphics configuration of TeX Live
)
Package graphics Info: Driver file: pdftex.def on input line 91.

(/usr/share/texlive/texmf-dist/tex/latex/pdftex-def/pdftex.def
File: pdftex.def 2011/05/27 v0.06d Graphics/color for pdfTeX

(/usr/share/texlive/texmf-dist/tex/generic/oberdiek/infwarerr.sty
Package: infwarerr 2010/04/08 v1.3 Providing info/warning/error messages (HO)
)
(/usr/share/texlive/texmf-dist/tex/generic/oberdiek/ltxcmds.sty
Package: ltxcmds 2011/11/09 v1.22 LaTeX kernel commands for general use (HO)
)
\Gread@gobject=\count92
))
\Gin@req@height=\dimen117
\Gin@req@width=\dimen118
)
\epsfxsize=\dimen119
\epsfysize=\dimen120
)
(/usr/share/texlive/texmf-dist/tex/latex/graphics/color.sty
Package: color 2014/04/23 v1.1a Standard LaTeX Color (DPC)

(/usr/share/texlive/texmf-dist/tex/latex/latexconfig/color.cfg
File: color.cfg 2007/01/18 v1.5 color configuration of teTeX/TeXLive
)
Package color Info: Driver file: pdftex.def on input line 137.
) (./shadow.sty
Package: shadow 2003/02/19 v1.3 shadow boxes (M.O.)
\txtwdth=\dimen121
\sht=\dimen122
\shw=\dimen123
\shbox=\box28
\sboxsep=\dimen124
\sboxrule=\dimen125
\sdim=\dimen126
) (/usr/share/texlive/texmf-dist/tex/latex/base/exscale.sty
Package: exscale 2007/10/29 v2.1h Standard LaTeX package exscale
LaTeX Font Info:    Redeclaring symbol font `largesymbols' on input line 52.
LaTeX Font Info:    Overwriting symbol font `largesymbols' in version `normal'
(Font)                  OMX/cmex/m/n --> OMX/cmex/m/n on input line 52.
LaTeX Font Info:    Overwriting symbol font `largesymbols' in version `bold'
(Font)                  OMX/cmex/m/n --> OMX/cmex/m/n on input line 52.
\big@size=\dimen127
)
(./boxedminipage.sty)
\titlewidth=\skip49
\logowidth=\skip50
Package sciposter Info: Font size successfully set to 25pt on input line 410.
 (./sciposter25.clo
File: sciposter25.clo 2006/09/07 v1.0 font declarations for sciposter.cls v2.0
)
File: scpmathsize.sty 2006/09/08 v1.0 CM font size declarations
\parstartskip=\skip51
\figbotskip=\skip52
\figtopskip=\skip53
\secskip=\skip54
\titleskip=\skip55
\authorwidth=\skip56
\secboxwidth=\skip57
\c@subfig=\count93
\c@algorithm=\count94
\secrulewidth=\skip58
)
\IWI@temprul=\skip59
\tempsep=\skip60
 (./iwilogopath.cfg)
Package color Info: Redefining color BoxCol on input line 282.
Package color Info: Redefining color SectionCol on input line 282.
)
(/usr/share/texlive/texmf-dist/tex/latex/amsmath/amsmath.sty
Package: amsmath 2013/01/14 v2.14 AMS math features
\@mathmargin=\skip61

For additional information on amsmath, use the `?' option.
(/usr/share/texlive/texmf-dist/tex/latex/amsmath/amstext.sty
Package: amstext 2000/06/29 v2.01

(/usr/share/texlive/texmf-dist/tex/latex/amsmath/amsgen.sty
File: amsgen.sty 1999/11/30 v2.0
\@emptytoks=\toks15
\ex@=\dimen128
))
(/usr/share/texlive/texmf-dist/tex/latex/amsmath/amsbsy.sty
Package: amsbsy 1999/11/29 v1.2d
\pmbraise@=\dimen129
)
(/usr/share/texlive/texmf-dist/tex/latex/amsmath/amsopn.sty
Package: amsopn 1999/12/14 v2.01 operator names
)
\inf@bad=\count95
LaTeX Info: Redefining \frac on input line 210.
\uproot@=\count96
\leftroot@=\count97
LaTeX Info: Redefining \overline on input line 306.
\classnum@=\count98
\DOTSCASE@=\count99
LaTeX Info: Redefining \ldots on input line 378.
LaTeX Info: Redefining \dots on input line 381.
LaTeX Info: Redefining \cdots on input line 466.
\Mathstrutbox@=\box29
\strutbox@=\box30
\big@size=\dimen130
LaTeX Font Info:    Redeclaring font encoding OML on input line 566.
LaTeX Font Info:    Redeclaring font encoding OMS on input line 567.
\macc@depth=\count100
\c@MaxMatrixCols=\count101
\dotsspace@=\muskip10
\c@parentequation=\count102
\dspbrk@lvl=\count103
\tag@help=\toks16
\row@=\count104
\column@=\count105
\maxfields@=\count106
\andhelp@=\toks17
\eqnshift@=\dimen131
\alignsep@=\dimen132
\tagshift@=\dimen133
\tagwidth@=\dimen134
\totwidth@=\dimen135
\lineht@=\dimen136
\@envbody=\toks18
\multlinegap=\skip62
\multlinetaggap=\skip63
\mathdisplay@stack=\toks19
LaTeX Info: Redefining \[ on input line 2665.
LaTeX Info: Redefining \] on input line 2666.
)
(/usr/share/texlive/texmf-dist/tex/latex/amsfonts/amssymb.sty
Package: amssymb 2013/01/14 v3.01 AMS font symbols

(/usr/share/texlive/texmf-dist/tex/latex/amsfonts/amsfonts.sty
Package: amsfonts 2013/01/14 v3.01 Basic AMSFonts support
\symAMSa=\mathgroup4
\symAMSb=\mathgroup5
LaTeX Font Info:    Overwriting math alphabet `\mathfrak' in version `bold'
(Font)                  U/euf/m/n --> U/euf/b/n on input line 106.
))
(/usr/share/texlive/texmf-dist/tex/latex/tools/multicol.sty
Package: multicol 2014/04/23 v1.8e multicolumn formatting (FMi)
\c@tracingmulticols=\count107
\mult@box=\box31
\multicol@leftmargin=\dimen137
\c@unbalance=\count108
\c@collectmore=\count109
\doublecol@number=\count110
\multicoltolerance=\count111
\multicolpretolerance=\count112
\full@width=\dimen138
\page@free=\dimen139
\premulticols=\dimen140
\postmulticols=\dimen141
\multicolsep=\skip64
\multicolbaselineskip=\skip65
\partial@page=\box32
\last@line=\box33
\maxbalancingoverflow=\dimen142
\mult@rightbox=\box34
\mult@grightbox=\box35
\mult@gfirstbox=\box36
\mult@firstbox=\box37
\@tempa=\box38
\@tempa=\box39
\@tempa=\box40
\@tempa=\box41
\@tempa=\box42
\@tempa=\box43
\@tempa=\box44
\@tempa=\box45
\@tempa=\box46
\@tempa=\box47
\@tempa=\box48
\@tempa=\box49
\@tempa=\box50
\@tempa=\box51
\@tempa=\box52
\@tempa=\box53
\@tempa=\box54
\c@columnbadness=\count113
\c@finalcolumnbadness=\count114
\last@try=\dimen143
\multicolovershoot=\dimen144
\multicolundershoot=\dimen145
\mult@nat@firstbox=\box55
\colbreak@box=\box56
\mc@col@check@num=\count115
)
(/usr/share/texlive/texmf-dist/tex/latex/oberdiek/epstopdf.sty
Package: epstopdf 2010/02/09 v2.5 Conversion with epstopdf on the fly (HO)

(/usr/share/texlive/texmf-dist/tex/latex/oberdiek/epstopdf-base.sty
Package: epstopdf-base 2010/02/09 v2.5 Base part for package epstopdf

(/usr/share/texlive/texmf-dist/tex/latex/oberdiek/grfext.sty
Package: grfext 2010/08/19 v1.1 Manage graphics extensions (HO)

(/usr/share/texlive/texmf-dist/tex/generic/oberdiek/kvdefinekeys.sty
Package: kvdefinekeys 2011/04/07 v1.3 Define keys (HO)
))
(/usr/share/texlive/texmf-dist/tex/latex/oberdiek/kvoptions.sty
Package: kvoptions 2011/06/30 v3.11 Key value format for package options (HO)

(/usr/share/texlive/texmf-dist/tex/generic/oberdiek/kvsetkeys.sty
Package: kvsetkeys 2012/04/25 v1.16 Key value parser (HO)

(/usr/share/texlive/texmf-dist/tex/generic/oberdiek/etexcmds.sty
Package: etexcmds 2011/02/16 v1.5 Avoid name clashes with e-TeX commands (HO)

(/usr/share/texlive/texmf-dist/tex/generic/oberdiek/ifluatex.sty
Package: ifluatex 2010/03/01 v1.3 Provides the ifluatex switch (HO)
Package ifluatex Info: LuaTeX not detected.
)
Package etexcmds Info: Could not find \expanded.
(etexcmds)             That can mean that you are not using pdfTeX 1.50 or
(etexcmds)             that some package has redefined \expanded.
(etexcmds)             In the latter case, load this package earlier.
)))
(/usr/share/texlive/texmf-dist/tex/generic/oberdiek/pdftexcmds.sty
Package: pdftexcmds 2011/11/29 v0.20 Utility functions of pdfTeX for LuaTeX (HO
)

(/usr/share/texlive/texmf-dist/tex/generic/oberdiek/ifpdf.sty
Package: ifpdf 2011/01/30 v2.3 Provides the ifpdf switch (HO)
Package ifpdf Info: pdfTeX in PDF mode is detected.
)
Package pdftexcmds Info: LuaTeX not detected.
Package pdftexcmds Info: \pdf@primitive is available.
Package pdftexcmds Info: \pdf@ifprimitive is available.
Package pdftexcmds Info: \pdfdraftmode found.
)
Package grfext Info: Graphics extension search list:
(grfext)             [.png,.pdf,.jpg,.mps,.jpeg,.jbig2,.jb2,.PNG,.PDF,.JPG,.JPE
G,.JBIG2,.JB2,.eps]
(grfext)             \AppendGraphicsExtensions on input line 452.

(/usr/share/texlive/texmf-dist/tex/latex/latexconfig/epstopdf-sys.cfg
File: epstopdf-sys.cfg 2010/07/13 v1.3 Configuration of (r)epstopdf for TeX Liv
e
)))
(/usr/share/texlive/texmf-dist/tex/latex/multirow/multirow.sty
\bigstrutjot=\dimen146
)
(/usr/share/texlive/texmf-dist/tex/latex/tools/tabularx.sty
Package: tabularx 2014/05/13 v2.10 `tabularx' package (DPC)

(/usr/share/texlive/texmf-dist/tex/latex/tools/array.sty
Package: array 2008/09/09 v2.4c Tabular extension package (FMi)
\col@sep=\dimen147
\extrarowheight=\dimen148
\NC@list=\toks20
\extratabsurround=\skip66
\backup@length=\skip67
)
\TX@col@width=\dimen149
\TX@old@table=\dimen150
\TX@old@col=\dimen151
\TX@target=\dimen152
\TX@delta=\dimen153
\TX@cols=\count116
\TX@ftn=\toks21
)
(/usr/share/texlive/texmf-dist/tex/latex/xcolor/xcolor.sty
Package: xcolor 2007/01/21 v2.11 LaTeX color extensions (UK)

(/usr/share/texlive/texmf-dist/tex/latex/latexconfig/color.cfg
File: color.cfg 2007/01/18 v1.5 color configuration of teTeX/TeXLive
)
Package xcolor Info: Driver file: pdftex.def on input line 225.
LaTeX Info: Redefining \color on input line 702.
Package xcolor Info: Model `cmy' substituted by `cmy0' on input line 1337.
Package xcolor Info: Model `hsb' substituted by `rgb' on input line 1341.
Package xcolor Info: Model `RGB' extended on input line 1353.
Package xcolor Info: Model `HTML' substituted by `rgb' on input line 1355.
Package xcolor Info: Model `Hsb' substituted by `hsb' on input line 1356.
Package xcolor Info: Model `tHsb' substituted by `hsb' on input line 1357.
Package xcolor Info: Model `HSB' substituted by `hsb' on input line 1358.
Package xcolor Info: Model `Gray' substituted by `gray' on input line 1359.
Package xcolor Info: Model `wave' substituted by `hsb' on input line 1360.
)
(/usr/share/texlive/texmf-dist/tex/latex/mh/mathtools.sty
Package: mathtools 2014/05/21 v1.14 mathematical typesetting tools

(/usr/share/texlive/texmf-dist/tex/latex/mh/mhsetup.sty
Package: mhsetup 2010/01/21 v1.2a programming setup (MH)
)
LaTeX Info: Thecontrolsequence`\['isalreadyrobust on input line 129.
LaTeX Info: Thecontrolsequence`\]'isalreadyrobust on input line 129.
\g_MT_multlinerow_int=\count117
\l_MT_multwidth_dim=\dimen154
\origjot=\skip68
\l_MT_shortvdotswithinadjustabove_dim=\dimen155
\l_MT_shortvdotswithinadjustbelow_dim=\dimen156
\l_MT_above_intertext_sep=\dimen157
\l_MT_below_intertext_sep=\dimen158
\l_MT_above_shortintertext_sep=\dimen159
\l_MT_below_shortintertext_sep=\dimen160
) (./main.aux

LaTeX Warning: Label `my-label' multiply defined.


LaTeX Warning: Label `fig:FlippedExamples' multiply defined.

)
\openout1 = `main.aux'.

LaTeX Font Info:    Checking defaults for OML/cmm/m/it on input line 35.
LaTeX Font Info:    ... okay on input line 35.
LaTeX Font Info:    Checking defaults for T1/cmr/m/n on input line 35.
LaTeX Font Info:    ... okay on input line 35.
LaTeX Font Info:    Checking defaults for OT1/cmr/m/n on input line 35.
LaTeX Font Info:    ... okay on input line 35.
LaTeX Font Info:    Checking defaults for OMS/cmsy/m/n on input line 35.
LaTeX Font Info:    ... okay on input line 35.
LaTeX Font Info:    Checking defaults for OMX/cmex/m/n on input line 35.
LaTeX Font Info:    ... okay on input line 35.
LaTeX Font Info:    Checking defaults for U/cmr/m/n on input line 35.
LaTeX Font Info:    ... okay on input line 35.
 (/usr/share/texlive/texmf-dist/tex/context/base/supp-pdf.mkii
[Loading MPS to PDF converter (version 2006.09.02).]
\scratchcounter=\count118
\scratchdimen=\dimen161
\scratchbox=\box57
\nofMPsegments=\count119
\nofMParguments=\count120
\everyMPshowfont=\toks22
\MPscratchCnt=\count121
\MPscratchDim=\dimen162
\MPnumerator=\count122
\makeMPintoPDFobject=\count123
\everyMPtoPDFconversion=\toks23
)
-- Paper type set to a0.

Package xcolor Warning: Incompatible color definition on input line 35.

\GPT@outputbox=\box58
LaTeX Font Info:    Try loading font information for U+msa on input line 42.
(/usr/share/texlive/texmf-dist/tex/latex/amsfonts/umsa.fd
File: umsa.fd 2013/01/14 v3.01 AMS symbols A
)
LaTeX Font Info:    Try loading font information for U+msb on input line 42.

(/usr/share/texlive/texmf-dist/tex/latex/amsfonts/umsb.fd
File: umsb.fd 2013/01/14 v3.01 AMS symbols B
)
Package epstopdf Info: Source file: <RUGR_logoEN_rood_RGB.eps>
(epstopdf)                    date: 2017-12-13 14:16:56
(epstopdf)                    size: 237440 bytes
(epstopdf)             Output file: <RUGR_logoEN_rood_RGB-eps-converted-to.pdf>

(epstopdf)                    date: 2017-12-13 14:16:56
(epstopdf)                    size: 26097 bytes
(epstopdf)             Command: <repstopdf --outfile=RUGR_logoEN_rood_RGB-eps-c
onverted-to.pdf RUGR_logoEN_rood_RGB.eps>
(epstopdf)             \includegraphics on input line 42.
Package epstopdf Info: Output file is already uptodate.

<RUGR_logoEN_rood_RGB-eps-converted-to.pdf, id=1, 178.6675pt x 50.1875pt>
File: RUGR_logoEN_rood_RGB-eps-converted-to.pdf Graphic file (type pdf)

<use RUGR_logoEN_rood_RGB-eps-converted-to.pdf>
Package pdftex.def Info: RUGR_logoEN_rood_RGB-eps-converted-to.pdf used on inpu
t line 42.
(pdftex.def)             Requested size: 178.66705pt x 50.18736pt.

Overfull \hbox (21.59789pt too wide) in paragraph at lines 42--42
[][]
 []

\authorbox=\box59
\authboxheight=\skip69
<RUGhatchA0width.pdf, id=2, 2392.94pt x 722.7pt>
File: RUGhatchA0width.pdf Graphic file (type pdf)
 <use RUGhatchA0width.pdf>
Package pdftex.def Info: RUGhatchA0width.pdf used on input line 42.
(pdftex.def)             Requested size: 2390.10887pt x 140.83847pt.

Overfull \hbox (20.79716pt too wide) in paragraph at lines 42--42
[][] [] 
 []


Package xcolor Warning: Incompatible color definition on input line 48.


Package xcolor Warning: Incompatible color definition on input line 48.

LaTeX Font Info:    Try loading font information for OMS+cmss on input line 51.

LaTeX Font Info:    No file OMScmss.fd. on input line 51.

LaTeX Font Warning: Font shape `OMS/cmss/m/n' undefined
(Font)              using `OMS/cmsy/m/n' instead
(Font)              for symbol `textbullet' on input line 51.


LaTeX Font Warning: Font shape `OT1/cmss/m/it' in size <24.88> not available
(Font)              Font shape `OT1/cmss/m/sl' tried instead on input line 54.


Package xcolor Warning: Incompatible color definition on input line 59.


Package xcolor Warning: Incompatible color definition on input line 59.


Underfull \hbox (badness 10000) in paragraph at lines 61--62

 []

<VisualMarker.png, id=4, 1405.25pt x 1405.25pt>
File: VisualMarker.png Graphic file (type png)
 <use VisualMarker.png>
Package pdftex.def Info: VisualMarker.png used on input line 65.
(pdftex.def)             Requested size: 323.39574pt x 323.39368pt.


LaTeX Warning: Reference `fig: FlippedExaples' on page 1 undefined on input lin
e 89.

<Position1.png, id=6, 642.4pt x 481.8pt>
File: Position1.png Graphic file (type png)
 <use Position1.png>
Package pdftex.def Info: Position1.png used on input line 96.
(pdftex.def)             Requested size: 307.22989pt x 230.43062pt.

<Position2.png, id=7, 481.8pt x 361.35pt>
File: Position2.png Graphic file (type png)
 <use Position2.png>
Package pdftex.def Info: Position2.png used on input line 98.
(pdftex.def)             Requested size: 307.22989pt x 230.43063pt.


Package xcolor Warning: Incompatible color definition on input line 105.


Package xcolor Warning: Incompatible color definition on input line 105.


Package xcolor Warning: Incompatible color definition on input line 123.


Package xcolor Warning: Incompatible color definition on input line 123.

<ConvolutionsExample.png, id=8, 436.63126pt x 319.1925pt>
File: ConvolutionsExample.png Graphic file (type png)

<use ConvolutionsExample.png>
Package pdftex.def Info: ConvolutionsExample.png used on input line 138.
(pdftex.def)             Requested size: 323.39574pt x 236.41304pt.


Package xcolor Warning: Incompatible color definition on input line 146.


Package xcolor Warning: Incompatible color definition on input line 146.


Package xcolor Warning: Incompatible color definition on input line 173.


Package xcolor Warning: Incompatible color definition on input line 173.

! Undefined control sequence.
<template> ...@sep \hskip 1sp\d@llarbegin \rowmac 
                                                  \ignorespaces 
l.187 \textbf
             {Algorithm}   & \textbf{Validation-Set} & \textbf{Testing-Set} ...

? 
! Undefined control sequence.
<template> ...@sep \hskip 1sp\d@llarbegin \rowmac 
                                                  \ignorespaces 
l.187 \textbf{Algorithm}   & \textbf
                                    {Validation-Set} & \textbf{Testing-Set} ...

? 
! Undefined control sequence.
<template> ...@sep \hskip 1sp\d@llarbegin \rowmac 
                                                  \ignorespaces 
l.187 ...hm}   & \textbf{Validation-Set} & \textbf
                                                  {Testing-Set} & \textbf{$\...

? 
! Undefined control sequence.
<template> ...@sep \hskip 1sp\d@llarbegin \rowmac 
                                                  \ignorespaces 
l.187 ...ion-Set} & \textbf{Testing-Set} & \textbf
                                                  {$\tau$}  \\ \hline
? 
! Undefined control sequence.
<template> \unskip \clearrow 
                             \relax \d@llarend \hfil \hskip \col@sep \endtem...
l.187 ...Testing-Set} & \textbf{$\tau$}  \\ \hline
                                                  
? 
! Undefined control sequence.
<template> ...@sep \hskip 1sp\d@llarbegin \rowmac 
                                                  \ignorespaces 
l.188         B
               OW                    & $89.7\%$             & $88.5\%$      ...

? 
! Undefined control sequence.
<template> ...@sep \hskip 1sp\d@llarbegin \rowmac 
                                                  \ignorespaces 
l.188         BOW                    & $
                                        89.7\%$             & $88.5\%$      ...

? 
! Undefined control sequence.
<template> ...@sep \hskip 1sp\d@llarbegin \rowmac 
                                                  \ignorespaces 
l.188 ...               & $89.7\%$             & $
                                                  88.5\%$           & $72\%$...

? 
! Undefined control sequence.
<template> ...@sep \hskip 1sp\d@llarbegin \rowmac 
                                                  \ignorespaces 
l.188 ...7\%$             & $88.5\%$           & $
                                                  72\%$    \\
? 
! Undefined control sequence.
<template> \unskip \clearrow 
                             \relax \d@llarend \hfil \hskip \col@sep \endtem...
l.189         I
               nception $V3$         & $100\%$              & $100\%$       ...

? 
! Undefined control sequence.
<template> ...@sep \hskip 1sp\d@llarbegin \rowmac 
                                                  \ignorespaces 
l.189         I
               nception $V3$         & $100\%$              & $100\%$       ...

? 
! Undefined control sequence.
<template> ...@sep \hskip 1sp\d@llarbegin \rowmac 
                                                  \ignorespaces 
l.189         Inception $V3$         & $
                                        100\%$              & $100\%$       ...

? 
! Undefined control sequence.
<template> ...@sep \hskip 1sp\d@llarbegin \rowmac 
                                                  \ignorespaces 
l.189 ...n $V3$         & $100\%$              & $
                                                  100\%$            & $2.3\%...

? 
! Undefined control sequence.
<template> ...@sep \hskip 1sp\d@llarbegin \rowmac 
                                                  \ignorespaces 
l.189 ...\%$              & $100\%$            & $
                                                  2.3\%$     \\
? 
! Undefined control sequence.
<template> \unskip \clearrow 
                             \relax \d@llarend \hfil \hskip \col@sep \endtem...
l.190         D
               CNN                   & $100\%$              & $98.7\%$      ...

? 
! Undefined control sequence.
<template> ...@sep \hskip 1sp\d@llarbegin \rowmac 
                                                  \ignorespaces 
l.190         D
               CNN                   & $100\%$              & $98.7\%$      ...

? 
! Undefined control sequence.
<template> ...@sep \hskip 1sp\d@llarbegin \rowmac 
                                                  \ignorespaces 
l.190         DCNN                   & $
                                        100\%$              & $98.7\%$      ...

? 
! Undefined control sequence.
<template> ...@sep \hskip 1sp\d@llarbegin \rowmac 
                                                  \ignorespaces 
l.190 ...               & $100\%$              & $
                                                  98.7\%$           & $1.5\%...

? 
! Undefined control sequence.
<template> ...@sep \hskip 1sp\d@llarbegin \rowmac 
                                                  \ignorespaces 
l.190 ...\%$              & $98.7\%$           & $
                                                  1.5\%$          \\
? 
! Undefined control sequence.
<template> \unskip \clearrow 
                             \relax \d@llarend \hfil \hskip \col@sep \endtem...
l.191 \end
          {tabular}
? 
! Undefined control sequence.
<template> ...@sep \hskip 1sp\d@llarbegin \rowmac 
                                                  \ignorespaces 
l.207 \textbf
             {Algorithm}   & \textbf{Correct} & \textbf{Tricked} & \textbf{M...

? 
! Undefined control sequence.
<template> ...@sep \hskip 1sp\d@llarbegin \rowmac 
                                                  \ignorespaces 
l.207 \textbf{Algorithm}   & \textbf
                                    {Correct} & \textbf{Tricked} & \textbf{M...

? 
! Undefined control sequence.
<template> ...@sep \hskip 1sp\d@llarbegin \rowmac 
                                                  \ignorespaces 
l.207 ...Algorithm}   & \textbf{Correct} & \textbf
                                                  {Tricked} & \textbf{Missed...

? 
! Undefined control sequence.
<template> ...@sep \hskip 1sp\d@llarbegin \rowmac 
                                                  \ignorespaces 
l.207 ...tbf{Correct} & \textbf{Tricked} & \textbf
                                                  {Missed}  \\ \hline
? 
! Undefined control sequence.
<template> \unskip \clearrow 
                             \relax \d@llarend \hfil \hskip \col@sep \endtem...
l.207 ...tbf{Tricked} & \textbf{Missed}  \\ \hline
                                                  
? 
! Undefined control sequence.
<template> ...@sep \hskip 1sp\d@llarbegin \rowmac 
                                                  \ignorespaces 
l.208        I
              nception $V3$         & $0\%$              & $97.43\%$        ...

? 
! Undefined control sequence.
<template> ...@sep \hskip 1sp\d@llarbegin \rowmac 
                                                  \ignorespaces 
l.208        Inception $V3$         & $
                                       0\%$              & $97.43\%$        ...

? 
! Undefined control sequence.
<template> ...@sep \hskip 1sp\d@llarbegin \rowmac 
                                                  \ignorespaces 
l.208 ...ion $V3$         & $0\%$              & $
                                                  97.43\%$            & $2.5...

? 
! Undefined control sequence.
<template> ...@sep \hskip 1sp\d@llarbegin \rowmac 
                                                  \ignorespaces 
l.208 ...$              & $97.43\%$            & $
                                                  2.57\%$     \\
? 
! Undefined control sequence.
<template> \unskip \clearrow 
                             \relax \d@llarend \hfil \hskip \col@sep \endtem...
l.209        D
              CNN                   & $99.7\%$              & $0\%$         ...

? 
! Undefined control sequence.
<template> ...@sep \hskip 1sp\d@llarbegin \rowmac 
                                                  \ignorespaces 
l.209        D
              CNN                   & $99.7\%$              & $0\%$         ...

? 
! Undefined control sequence.
<template> ...@sep \hskip 1sp\d@llarbegin \rowmac 
                                                  \ignorespaces 
l.209        DCNN                   & $
                                       99.7\%$              & $0\%$         ...

? 
! Undefined control sequence.
<template> ...@sep \hskip 1sp\d@llarbegin \rowmac 
                                                  \ignorespaces 
l.209 ...              & $99.7\%$              & $
                                                  0\%$           & $0.3\%$  ...

? 
! Undefined control sequence.
<template> ...@sep \hskip 1sp\d@llarbegin \rowmac 
                                                  \ignorespaces 
l.209 ...9.7\%$              & $0\%$           & $
                                                  0.3\%$          \\
? 
! Undefined control sequence.
<template> \unskip \clearrow 
                             \relax \d@llarend \hfil \hskip \col@sep \endtem...
l.210 \end
          {tabular}
? 
<position1.png, id=9, 377.15906pt x 626.34pt>
File: position1.png Graphic file (type png)
 <use position1.png>
Package pdftex.def Info: position1.png used on input line 220.
(pdftex.def)             Requested size: 177.8637pt x 295.37378pt.

<position2.png, id=10, 383.18156pt x 629.35126pt>
File: position2.png Graphic file (type png)
 <use position2.png>
Package pdftex.def Info: position2.png used on input line 222.
(pdftex.def)             Requested size: 177.8637pt x 292.13634pt.

<position3.png, id=11, 382.42876pt x 629.35126pt>
File: position3.png Graphic file (type png)
 <use position3.png>
Package pdftex.def Info: position3.png used on input line 224.
(pdftex.def)             Requested size: 177.8637pt x 292.70293pt.


Package xcolor Warning: Incompatible color definition on input line 232.


Package xcolor Warning: Incompatible color definition on input line 232.

No file main.bbl.
[1

{/var/lib/texmf/fonts/map/pdftex/updmap/pdftex.map} <./RUGhatchA0width.pdf> <./
RUGR_logoEN_rood_RGB-eps-converted-to.pdf> <./VisualMarker.png> <./Position1.pn
g (PNG copy)> <./Position2.png> <./ConvolutionsExample.png> <./position1.png> <
./position2.png> <./position3.png>] (./main.aux)

LaTeX Font Warning: Some font shapes were not available, defaults substituted.


LaTeX Warning: There were undefined references.


LaTeX Warning: There were multiply-defined labels.

 ) 
Here is how much of TeX's memory you used:
 4107 strings out of 493104
 56611 string characters out of 6136933
 181531 words of memory out of 5000000
 7460 multiletter control sequences out of 15000+600000
 14308 words of font info for 54 fonts, out of 8000000 for 9000
 1141 hyphenation exceptions out of 8191
 47i,15n,35p,393b,383s stack positions out of 5000i,500n,10000p,200000b,80000s
</usr/share/texlive/texmf-dist/fonts/type1/public/amsfonts/cm/cmmi12.pfb></us
r/share/texlive/texmf-dist/fonts/type1/public/amsfonts/cm/cmr17.pfb></usr/share
/texlive/texmf-dist/fonts/type1/public/amsfonts/cm/cmss17.pfb></usr/share/texli
ve/texmf-dist/fonts/type1/public/amsfonts/cm/cmssbx10.pfb></usr/share/texlive/t
exmf-dist/fonts/type1/public/amsfonts/cm/cmssi17.pfb></usr/share/texlive/texmf-
dist/fonts/type1/public/amsfonts/cm/cmsy10.pfb></usr/share/texlive/texmf-dist/f
onts/type1/public/amsfonts/cm/cmtt12.pfb>
Output written on main.pdf (1 page, 1852074 bytes).
PDF statistics:
 57 PDF objects out of 1000 (max. 8388607)
 31 compressed objects within 1 object stream
 0 named destinations out of 1000 (max. 500000)
 52 words of extra memory for PDF output out of 10000 (max. 10000000)

