This is pdfTeX, Version 3.14159265-2.6-1.40.16 (TeX Live 2015/Debian) (preloaded format=pdflatex 2017.9.5)  14 NOV 2017 12:50
entering extended mode
 restricted \write18 enabled.
 %&-line parsing enabled.
**poster.tex
(./poster.tex
LaTeX2e <2016/02/01>
Babel <3.9q> and hyphenation patterns for 3 language(s) loaded.
(./IWIposter.cls
Document Class: IWIposter 2006/09/08 v2.03 IWI a0 poster class (MHFW, AMW)
(/usr/share/texlive/texmf-dist/tex/latex/base/ifthen.sty
Package: ifthen 2014/09/29 v1.1c Standard LaTeX ifthen package (DPC)
)
(/usr/share/texlive/texmf-dist/tex/latex/tools/calc.sty
Package: calc 2014/10/28 v4.3 Infix arithmetic (KKT,FJ)
\calc@Acount=\count79
\calc@Bcount=\count80
\calc@Adimen=\dimen102
\calc@Bdimen=\dimen103
\calc@Askip=\skip41
\calc@Bskip=\skip42
LaTeX Info: Redefining \setlength on input line 80.
LaTeX Info: Redefining \addtolength on input line 81.
\calc@Ccount=\count81
\calc@Cskip=\skip43
)
(/usr/share/texlive/texmf-dist/tex/latex/oberdiek/settobox.sty
Package: settobox 2008/08/11 v1.4 Assign box dimensions to length registers (HO
)
)
(./sciposter.cls
Document Class: sciposter 2006/09/07 v2.0 scientific poster class (MHFW, AMW)
(/usr/share/texlive/texmf-dist/tex/latex/base/article.cls
Document Class: article 2014/09/29 v1.4h Standard LaTeX document class
(/usr/share/texlive/texmf-dist/tex/latex/base/size10.clo
File: size10.clo 2014/09/29 v1.4h Standard LaTeX file (size option)
)
\c@part=\count82
\c@section=\count83
\c@subsection=\count84
\c@subsubsection=\count85
\c@paragraph=\count86
\c@subparagraph=\count87
\c@figure=\count88
\c@table=\count89
\abovecaptionskip=\skip44
\belowcaptionskip=\skip45
\bibindent=\dimen104
) (./lettrine.sty
File: lettrine.sty 2007/08/08 v1.62 (Daniel Flipo)

(/usr/share/texlive/texmf-dist/tex/latex/graphics/keyval.sty
Package: keyval 2014/10/28 v1.15 key=value parser (DPC)
\KV@toks@=\toks14
)
\c@DefaultLines=\count90
\DefaultFindent=\dimen105
\DefaultNindent=\dimen106
\DefaultSlope=\dimen107
\L@lbox=\box26
\L@tbox=\box27
\c@L@lines=\count91
\L@Pindent=\dimen108
\L@Findent=\dimen109
\L@Nindent=\dimen110
\L@lraise=\dimen111
\L@first=\dimen112
\L@next=\dimen113
\L@slope=\dimen114
\L@height=\dimen115
\LettrineWidth=\dimen116

Loading lettrine.cfg
(/usr/share/texlive/texmf-dist/tex/latex/lettrine/lettrine.cfg))
\papermargin=\skip46
\vmargin=\skip47
\hmargin=\skip48

(/usr/share/texlive/texmf-dist/tex/latex/graphics/epsfig.sty
Package: epsfig 1999/02/16 v1.7a (e)psfig emulation (SPQR)

(/usr/share/texlive/texmf-dist/tex/latex/graphics/graphicx.sty
Package: graphicx 2014/10/28 v1.0g Enhanced LaTeX Graphics (DPC,SPQR)

(/usr/share/texlive/texmf-dist/tex/latex/graphics/graphics.sty
Package: graphics 2016/01/03 v1.0q Standard LaTeX Graphics (DPC,SPQR)

(/usr/share/texlive/texmf-dist/tex/latex/graphics/trig.sty
Package: trig 2016/01/03 v1.10 sin cos tan (DPC)
)
(/usr/share/texlive/texmf-dist/tex/latex/latexconfig/graphics.cfg
File: graphics.cfg 2010/04/23 v1.9 graphics configuration of TeX Live
)
Package graphics Info: Driver file: pdftex.def on input line 95.

(/usr/share/texlive/texmf-dist/tex/latex/pdftex-def/pdftex.def
File: pdftex.def 2011/05/27 v0.06d Graphics/color for pdfTeX

(/usr/share/texlive/texmf-dist/tex/generic/oberdiek/infwarerr.sty
Package: infwarerr 2010/04/08 v1.3 Providing info/warning/error messages (HO)
)
(/usr/share/texlive/texmf-dist/tex/generic/oberdiek/ltxcmds.sty
Package: ltxcmds 2011/11/09 v1.22 LaTeX kernel commands for general use (HO)
)
\Gread@gobject=\count92
))
\Gin@req@height=\dimen117
\Gin@req@width=\dimen118
)
\epsfxsize=\dimen119
\epsfysize=\dimen120
)
(/usr/share/texlive/texmf-dist/tex/latex/graphics/color.sty
Package: color 2016/01/03 v1.1b Standard LaTeX Color (DPC)

(/usr/share/texlive/texmf-dist/tex/latex/latexconfig/color.cfg
File: color.cfg 2007/01/18 v1.5 color configuration of teTeX/TeXLive
)
Package color Info: Driver file: pdftex.def on input line 143.
) (./shadow.sty
Package: shadow 2003/02/19 v1.3 shadow boxes (M.O.)
\txtwdth=\dimen121
\sht=\dimen122
\shw=\dimen123
\shbox=\box28
\sboxsep=\dimen124
\sboxrule=\dimen125
\sdim=\dimen126
) (/usr/share/texlive/texmf-dist/tex/latex/base/exscale.sty
Package: exscale 2014/09/29 v2.1h Standard LaTeX package exscale
LaTeX Font Info:    Redeclaring symbol font `largesymbols' on input line 57.
LaTeX Font Info:    Overwriting symbol font `largesymbols' in version `normal'
(Font)                  OMX/cmex/m/n --> OMX/cmex/m/n on input line 57.
LaTeX Font Info:    Overwriting symbol font `largesymbols' in version `bold'
(Font)                  OMX/cmex/m/n --> OMX/cmex/m/n on input line 57.
\big@size=\dimen127
)
(./boxedminipage.sty)
\titlewidth=\skip49
\logowidth=\skip50
Package sciposter Info: Font size successfully set to 25pt on input line 410.
 (./sciposter25.clo
File: sciposter25.clo 2006/09/07 v1.0 font declarations for sciposter.cls v2.0
)
File: scpmathsize.sty 2006/09/08 v1.0 CM font size declarations
\parstartskip=\skip51
\figbotskip=\skip52
\figtopskip=\skip53
\secskip=\skip54
\titleskip=\skip55
\authorwidth=\skip56
\secboxwidth=\skip57
\c@subfig=\count93
\c@algorithm=\count94
\secrulewidth=\skip58
)
\IWI@temprul=\skip59
\tempsep=\skip60
 (./iwilogopath.cfg)
Package color Info: Redefining color BoxCol on input line 282.
Package color Info: Redefining color SectionCol on input line 282.
)
(/usr/share/texlive/texmf-dist/tex/latex/amsmath/amsmath.sty
Package: amsmath 2016/03/03 v2.15a AMS math features
\@mathmargin=\skip61

For additional information on amsmath, use the `?' option.
(/usr/share/texlive/texmf-dist/tex/latex/amsmath/amstext.sty
Package: amstext 2000/06/29 v2.01 AMS text

(/usr/share/texlive/texmf-dist/tex/latex/amsmath/amsgen.sty
File: amsgen.sty 1999/11/30 v2.0 generic functions
\@emptytoks=\toks15
\ex@=\dimen128
))
(/usr/share/texlive/texmf-dist/tex/latex/amsmath/amsbsy.sty
Package: amsbsy 1999/11/29 v1.2d Bold Symbols
\pmbraise@=\dimen129
)
(/usr/share/texlive/texmf-dist/tex/latex/amsmath/amsopn.sty
Package: amsopn 1999/12/14 v2.01 operator names
)
\inf@bad=\count95
LaTeX Info: Redefining \frac on input line 199.
\uproot@=\count96
\leftroot@=\count97
LaTeX Info: Redefining \overline on input line 297.
\classnum@=\count98
\DOTSCASE@=\count99
LaTeX Info: Redefining \ldots on input line 394.
LaTeX Info: Redefining \dots on input line 397.
LaTeX Info: Redefining \cdots on input line 518.
\Mathstrutbox@=\box29
\strutbox@=\box30
\big@size=\dimen130
LaTeX Font Info:    Redeclaring font encoding OML on input line 630.
LaTeX Font Info:    Redeclaring font encoding OMS on input line 631.
\macc@depth=\count100
\c@MaxMatrixCols=\count101
\dotsspace@=\muskip10
\c@parentequation=\count102
\dspbrk@lvl=\count103
\tag@help=\toks16
\row@=\count104
\column@=\count105
\maxfields@=\count106
\andhelp@=\toks17
\eqnshift@=\dimen131
\alignsep@=\dimen132
\tagshift@=\dimen133
\tagwidth@=\dimen134
\totwidth@=\dimen135
\lineht@=\dimen136
\@envbody=\toks18
\multlinegap=\skip62
\multlinetaggap=\skip63
\mathdisplay@stack=\toks19
LaTeX Info: Redefining \[ on input line 2735.
LaTeX Info: Redefining \] on input line 2736.
)
(/usr/share/texlive/texmf-dist/tex/latex/amsfonts/amssymb.sty
Package: amssymb 2013/01/14 v3.01 AMS font symbols

(/usr/share/texlive/texmf-dist/tex/latex/amsfonts/amsfonts.sty
Package: amsfonts 2013/01/14 v3.01 Basic AMSFonts support
\symAMSa=\mathgroup4
\symAMSb=\mathgroup5
LaTeX Font Info:    Overwriting math alphabet `\mathfrak' in version `bold'
(Font)                  U/euf/m/n --> U/euf/b/n on input line 106.
))
(/usr/share/texlive/texmf-dist/tex/latex/tools/multicol.sty
Package: multicol 2015/08/19 v1.8n multicolumn formatting (FMi)
\c@tracingmulticols=\count107
\mult@box=\box31
\multicol@leftmargin=\dimen137
\c@unbalance=\count108
\c@collectmore=\count109
\doublecol@number=\count110
\multicoltolerance=\count111
\multicolpretolerance=\count112
\full@width=\dimen138
\page@free=\dimen139
\premulticols=\dimen140
\postmulticols=\dimen141
\multicolsep=\skip64
\multicolbaselineskip=\skip65
\partial@page=\box32
\last@line=\box33
\maxbalancingoverflow=\dimen142
\mult@rightbox=\box34
\mult@grightbox=\box35
\mult@gfirstbox=\box36
\mult@firstbox=\box37
\@tempa=\box38
\@tempa=\box39
\@tempa=\box40
\@tempa=\box41
\@tempa=\box42
\@tempa=\box43
\@tempa=\box44
\@tempa=\box45
\@tempa=\box46
\@tempa=\box47
\@tempa=\box48
\@tempa=\box49
\@tempa=\box50
\@tempa=\box51
\@tempa=\box52
\@tempa=\box53
\@tempa=\box54
\c@columnbadness=\count113
\c@finalcolumnbadness=\count114
\last@try=\dimen143
\multicolovershoot=\dimen144
\multicolundershoot=\dimen145
\mult@nat@firstbox=\box55
\colbreak@box=\box56
\mc@col@check@num=\count115
)
(/usr/share/texlive/texmf-dist/tex/latex/oberdiek/epstopdf.sty
Package: epstopdf 2010/02/09 v2.5 Conversion with epstopdf on the fly (HO)

(/usr/share/texlive/texmf-dist/tex/latex/oberdiek/epstopdf-base.sty
Package: epstopdf-base 2010/02/09 v2.5 Base part for package epstopdf

(/usr/share/texlive/texmf-dist/tex/latex/oberdiek/grfext.sty
Package: grfext 2010/08/19 v1.1 Manage graphics extensions (HO)

(/usr/share/texlive/texmf-dist/tex/generic/oberdiek/kvdefinekeys.sty
Package: kvdefinekeys 2011/04/07 v1.3 Define keys (HO)
))
(/usr/share/texlive/texmf-dist/tex/latex/oberdiek/kvoptions.sty
Package: kvoptions 2011/06/30 v3.11 Key value format for package options (HO)

(/usr/share/texlive/texmf-dist/tex/generic/oberdiek/kvsetkeys.sty
Package: kvsetkeys 2012/04/25 v1.16 Key value parser (HO)

(/usr/share/texlive/texmf-dist/tex/generic/oberdiek/etexcmds.sty
Package: etexcmds 2011/02/16 v1.5 Avoid name clashes with e-TeX commands (HO)

(/usr/share/texlive/texmf-dist/tex/generic/oberdiek/ifluatex.sty
Package: ifluatex 2010/03/01 v1.3 Provides the ifluatex switch (HO)
Package ifluatex Info: LuaTeX not detected.
)
Package etexcmds Info: Could not find \expanded.
(etexcmds)             That can mean that you are not using pdfTeX 1.50 or
(etexcmds)             that some package has redefined \expanded.
(etexcmds)             In the latter case, load this package earlier.
)))
(/usr/share/texlive/texmf-dist/tex/generic/oberdiek/pdftexcmds.sty
Package: pdftexcmds 2011/11/29 v0.20 Utility functions of pdfTeX for LuaTeX (HO
)

(/usr/share/texlive/texmf-dist/tex/generic/oberdiek/ifpdf.sty
Package: ifpdf 2011/01/30 v2.3 Provides the ifpdf switch (HO)
Package ifpdf Info: pdfTeX in PDF mode is detected.
)
Package pdftexcmds Info: LuaTeX not detected.
Package pdftexcmds Info: \pdf@primitive is available.
Package pdftexcmds Info: \pdf@ifprimitive is available.
Package pdftexcmds Info: \pdfdraftmode found.
)
Package grfext Info: Graphics extension search list:
(grfext)             [.png,.pdf,.jpg,.mps,.jpeg,.jbig2,.jb2,.PNG,.PDF,.JPG,.JPE
G,.JBIG2,.JB2,.eps]
(grfext)             \AppendGraphicsExtensions on input line 452.

(/usr/share/texlive/texmf-dist/tex/latex/latexconfig/epstopdf-sys.cfg
File: epstopdf-sys.cfg 2010/07/13 v1.3 Configuration of (r)epstopdf for TeX Liv
e
)))
(/usr/share/texlive/texmf-dist/tex/latex/multirow/multirow.sty
\bigstrutjot=\dimen146
)
(/usr/share/texlive/texmf-dist/tex/latex/tools/tabularx.sty
Package: tabularx 2014/10/28 v2.10 `tabularx' package (DPC)

(/usr/share/texlive/texmf-dist/tex/latex/tools/array.sty
Package: array 2014/10/28 v2.4c Tabular extension package (FMi)
\col@sep=\dimen147
\extrarowheight=\dimen148
\NC@list=\toks20
\extratabsurround=\skip66
\backup@length=\skip67
)
\TX@col@width=\dimen149
\TX@old@table=\dimen150
\TX@old@col=\dimen151
\TX@target=\dimen152
\TX@delta=\dimen153
\TX@cols=\count116
\TX@ftn=\toks21
) (./poster.aux)
\openout1 = `poster.aux'.

LaTeX Font Info:    Checking defaults for OML/cmm/m/it on input line 29.
LaTeX Font Info:    ... okay on input line 29.
LaTeX Font Info:    Checking defaults for T1/cmr/m/n on input line 29.
LaTeX Font Info:    ... okay on input line 29.
LaTeX Font Info:    Checking defaults for OT1/cmr/m/n on input line 29.
LaTeX Font Info:    ... okay on input line 29.
LaTeX Font Info:    Checking defaults for OMS/cmsy/m/n on input line 29.
LaTeX Font Info:    ... okay on input line 29.
LaTeX Font Info:    Checking defaults for OMX/cmex/m/n on input line 29.
LaTeX Font Info:    ... okay on input line 29.
LaTeX Font Info:    Checking defaults for U/cmr/m/n on input line 29.
LaTeX Font Info:    ... okay on input line 29.

(/usr/share/texlive/texmf-dist/tex/context/base/supp-pdf.mkii
[Loading MPS to PDF converter (version 2006.09.02).]
\scratchcounter=\count117
\scratchdimen=\dimen154
\scratchbox=\box57
\nofMPsegments=\count118
\nofMParguments=\count119
\everyMPshowfont=\toks22
\MPscratchCnt=\count120
\MPscratchDim=\dimen155
\MPnumerator=\count121
\makeMPintoPDFobject=\count122
\everyMPtoPDFconversion=\toks23
)
-- Paper type set to a0.
\GPT@outputbox=\box58
LaTeX Font Info:    Try loading font information for U+msa on input line 35.
(/usr/share/texlive/texmf-dist/tex/latex/amsfonts/umsa.fd
File: umsa.fd 2013/01/14 v3.01 AMS symbols A
)
LaTeX Font Info:    Try loading font information for U+msb on input line 35.

(/usr/share/texlive/texmf-dist/tex/latex/amsfonts/umsb.fd
File: umsb.fd 2013/01/14 v3.01 AMS symbols B
)
<RUGR_logoEN_rood_RGB.pdf, id=1, 178.6675pt x 50.1875pt>
File: RUGR_logoEN_rood_RGB.pdf Graphic file (type pdf)

<use RUGR_logoEN_rood_RGB.pdf>
Package pdftex.def Info: RUGR_logoEN_rood_RGB.pdf used on input line 35.
(pdftex.def)             Requested size: 178.66705pt x 50.18736pt.

Overfull \hbox (21.59789pt too wide) in paragraph at lines 35--35
[][]
 []

\authorbox=\box59
\authboxheight=\skip68
<RUGhatchA0width.pdf, id=2, 2392.94pt x 722.7pt>
File: RUGhatchA0width.pdf Graphic file (type pdf)
 <use RUGhatchA0width.pdf>
Package pdftex.def Info: RUGhatchA0width.pdf used on input line 35.
(pdftex.def)             Requested size: 2390.10887pt x 140.83847pt.

Overfull \hbox (20.79716pt too wide) in paragraph at lines 35--35
[][] [] 
 []

LaTeX Font Info:    Try loading font information for OMS+cmss on input line 45.

LaTeX Font Info:    No file OMScmss.fd. on input line 45.

LaTeX Font Warning: Font shape `OMS/cmss/m/n' undefined
(Font)              using `OMS/cmsy/m/n' instead
(Font)              for symbol `textbullet' on input line 45.


LaTeX Font Warning: Font shape `OT1/cmss/m/n' in size <14.4> not available
(Font)              size <9> substituted on input line 81.


LaTeX Warning: Citation `CrommelinOpsteeghVerhulst:04' on page 1 undefined on i
nput line 100.


LaTeX Warning: Citation `SHRBV:2012' on page 1 undefined on input line 100.

<fig/ResBlock.pdf, id=4, 271.0125pt x 197.73875pt>
File: fig/ResBlock.pdf Graphic file (type pdf)
 <use fig/ResBlock.pdf>
Package pdftex.def Info: fig/ResBlock.pdf used on input line 126.
(pdftex.def)             Requested size: 310.45714pt x 226.5258pt.

<fig/lstmcell.pdf, id=5, 366.36874pt x 362.35374pt>
File: fig/lstmcell.pdf Graphic file (type pdf)
 <use fig/lstmcell.pdf>
Package pdftex.def Info: fig/lstmcell.pdf used on input line 128.
(pdftex.def)             Requested size: 239.30968pt x 236.68825pt.


LaTeX Font Warning: Font shape `OT1/cmss/m/it' in size <24.88> not available
(Font)              Font shape `OT1/cmss/m/sl' tried instead on input line 130.



LaTeX Warning: Citation `he2016deep' on page 1 undefined on input line 130.


LaTeX Warning: Citation `gers1999learning' on page 1 undefined on input line 13
0.


LaTeX Warning: Citation `lipton2015critical' on page 1 undefined on input line 
130.


LaTeX Warning: Citation `he2016deep' on page 1 undefined on input line 130.


LaTeX Warning: Citation `gers1999learning' on page 1 undefined on input line 13
0.


LaTeX Warning: Citation `lipton2015critical' on page 1 undefined on input line 
130.

<fig/2layer.pdf, id=6, 745.78625pt x 491.8375pt>
File: fig/2layer.pdf Graphic file (type pdf)
 <use fig/2layer.pdf>
Package pdftex.def Info: fig/2layer.pdf used on input line 137.
(pdftex.def)             Requested size: 646.79147pt x 426.5668pt.


LaTeX Warning: Citation `jordan1994hierarchical' on page 1 undefined on input l
ine 138.


LaTeX Warning: Citation `jordan1994hierarchical' on page 1 undefined on input l
ine 138.


LaTeX Font Warning: Font shape `OT1/cmss/bx/it' undefined
(Font)              using `OT1/cmss/bx/n' instead on input line 152.

! Undefined control sequence.
<template> ...@sep \hskip 1sp\d@llarbegin \rowmac 
                                                  \ignorespaces 
l.156 D
       ata                              &                   NN type       & ...

? 
! Undefined control sequence.
<template> ...@sep \hskip 1sp\d@llarbegin \rowmac 
                                                  \ignorespaces 
l.156 ...                    &                   N
                                                  N type       & MSE\\\hline...

? 
! Undefined control sequence.
<template> ...@sep \hskip 1sp\d@llarbegin \rowmac 
                                                  \ignorespaces 
l.156 ...    &                   NN type       & M
                                                  SE\\\hline\hline
? 
! Undefined control sequence.
<template> \unskip \clearrow 
                             \relax \d@llarend \hfil \hskip \col@sep \endtem...
l.156 ...              NN type       & MSE\\\hline
                                                  \hline
? 
! Undefined control sequence.
<template> ...@sep \hskip 1sp\d@llarbegin \rowmac 
                                                  \ignorespaces 
l.157 \multirow{3}
                  {*}{Intermittency}    & \setrow{\bfseries}MLP           & ...

? 
! Undefined control sequence.
l.157 \multirow{3}{*}{Intermittency}    & \setrow
                                                 {\bfseries}MLP           & ...

? 
! Undefined control sequence.
<template> ...@sep \hskip 1sp\d@llarbegin \rowmac 
                                                  \ignorespaces 
l.157 \multirow{3}{*}{Intermittency}    & \setrow{
                                                  \bfseries}MLP           & ...

? 
! Undefined control sequence.
<template> ...@sep \hskip 1sp\d@llarbegin \rowmac 
                                                  \ignorespaces 
l.157 ...    & \setrow{\bfseries}MLP           & $
                                                  \mathbf{1.60\times10^{-4}}...

? 
! Undefined control sequence.
<template> \unskip \clearrow 
                             \relax \d@llarend \hfil \hskip \col@sep \endtem...
l.158                                   &
                                                          Residual MLP      ...

? 
! Undefined control sequence.
<template> ...@sep \hskip 1sp\d@llarbegin \rowmac 
                                                  \ignorespaces 
l.158                                   &
                                                          Residual MLP      ...

? 
! Undefined control sequence.
<template> ...@sep \hskip 1sp\d@llarbegin \rowmac 
                                                  \ignorespaces 
l.158 ...                      &                 R
                                                  esidual MLP          & $4....

? 
! Undefined control sequence.
<template> ...@sep \hskip 1sp\d@llarbegin \rowmac 
                                                  \ignorespaces 
l.158 ...                Residual MLP          & $
                                                  4.83\times10^{-4}$  \\
? 
! Undefined control sequence.
<template> \unskip \clearrow 
                             \relax \d@llarend \hfil \hskip \col@sep \endtem...
l.159                                   &
                                                            LSTM          & ...

? 
! Undefined control sequence.
<template> ...@sep \hskip 1sp\d@llarbegin \rowmac 
                                                  \ignorespaces 
l.159                                   &
                                                            LSTM          & ...

? 
! Undefined control sequence.
<template> ...@sep \hskip 1sp\d@llarbegin \rowmac 
                                                  \ignorespaces 
l.159 ...                    &                   L
                                                  STM          & $4.19\times...

? 
! Undefined control sequence.
<template> ...@sep \hskip 1sp\d@llarbegin \rowmac 
                                                  \ignorespaces 
l.159 ...    &                   LSTM          & $
                                                  4.19\times10^{-3}$  \\\hline
? 
! Undefined control sequence.
<template> \unskip \clearrow 
                             \relax \d@llarend \hfil \hskip \col@sep \endtem...
l.159 ...          & $4.19\times10^{-3}$  \\\hline
                                                  
? 
! Undefined control sequence.
<template> ...@sep \hskip 1sp\d@llarbegin \rowmac 
                                                  \ignorespaces 
l.160 \multirow{3}
                  {*}{Logistic}         &                   MLP            &...

? 
! Undefined control sequence.
<template> ...@sep \hskip 1sp\d@llarbegin \rowmac 
                                                  \ignorespaces 
l.160 ...}{Logistic}         &                   M
                                                  LP            & $1.53\time...

? 
! Undefined control sequence.
<template> ...@sep \hskip 1sp\d@llarbegin \rowmac 
                                                  \ignorespaces 
l.160 ...   &                   MLP            & $
                                                  1.53\times10^{-8}$ \\
? 
! Undefined control sequence.
<template> \unskip \clearrow 
                             \relax \d@llarend \hfil \hskip \col@sep \endtem...
l.161                                   &
                                          \setrow{\bfseries}Residual MLP    ...

? 
! Undefined control sequence.
<template> ...@sep \hskip 1sp\d@llarbegin \rowmac 
                                                  \ignorespaces 
l.161                                   &
                                          \setrow{\bfseries}Residual MLP    ...

? 
! Undefined control sequence.
l.161                                   & \setrow
                                                 {\bfseries}Residual MLP    ...

? 
! Undefined control sequence.
<template> ...@sep \hskip 1sp\d@llarbegin \rowmac 
                                                  \ignorespaces 
l.161                                   & \setrow{
                                                  \bfseries}Residual MLP    ...

? 
! Undefined control sequence.
<template> ...@sep \hskip 1sp\d@llarbegin \rowmac 
                                                  \ignorespaces 
l.161 ...etrow{\bfseries}Residual MLP         &  $
                                                  \mathbf{6.00\times10^{-9}}...

? 
! Undefined control sequence.
<template> \unskip \clearrow 
                             \relax \d@llarend \hfil \hskip \col@sep \endtem...
l.162                                   &
                                                            LSTM           &...

? 
! Undefined control sequence.
<template> ...@sep \hskip 1sp\d@llarbegin \rowmac 
                                                  \ignorespaces 
l.162                                   &
                                                            LSTM           &...

? 
! Undefined control sequence.
<template> ...@sep \hskip 1sp\d@llarbegin \rowmac 
                                                  \ignorespaces 
l.162 ...                    &                   L
                                                  STM           &   $2.82\ti...

? 
! Undefined control sequence.
<template> ...@sep \hskip 1sp\d@llarbegin \rowmac 
                                                  \ignorespaces 
l.162 ... &                   LSTM           &   $
                                                  2.82\times10^{-3}$ \\\hline
? 
! Undefined control sequence.
<template> \unskip \clearrow 
                             \relax \d@llarend \hfil \hskip \col@sep \endtem...
l.162 ...         &   $2.82\times10^{-3}$ \\\hline
                                                  
? 
! Undefined control sequence.
<template> ...@sep \hskip 1sp\d@llarbegin \rowmac 
                                                  \ignorespaces 
l.163 \multirow{3}
                  {*}{Atmosphere}      &                      MLP          &...

? 
! Undefined control sequence.
<template> ...@sep \hskip 1sp\d@llarbegin \rowmac 
                                                  \ignorespaces 
l.163 ...Atmosphere}      &                      M
                                                  LP          & $8.12\times1...

? 
! Undefined control sequence.
<template> ...@sep \hskip 1sp\d@llarbegin \rowmac 
                                                  \ignorespaces 
l.163 ...  &                      MLP          & $
                                                  8.12\times10^{-8}$  \\
? 
! Undefined control sequence.
<template> \unskip \clearrow 
                             \relax \d@llarend \hfil \hskip \col@sep \endtem...
l.164                                   &
                                          \setrow{\bfseries}Residual MLP    ...

? 
! Undefined control sequence.
<template> ...@sep \hskip 1sp\d@llarbegin \rowmac 
                                                  \ignorespaces 
l.164                                   &
                                          \setrow{\bfseries}Residual MLP    ...

? 
! Undefined control sequence.
l.164                                   & \setrow
                                                 {\bfseries}Residual MLP    ...

? 
! Undefined control sequence.
<template> ...@sep \hskip 1sp\d@llarbegin \rowmac 
                                                  \ignorespaces 
l.164                                   & \setrow{
                                                  \bfseries}Residual MLP    ...

? 
! Undefined control sequence.
<template> ...@sep \hskip 1sp\d@llarbegin \rowmac 
                                                  \ignorespaces 
l.164 ...\setrow{\bfseries}Residual MLP        & $
                                                  \mathbf{2.29\times10^{-8}}...

? 
! Undefined control sequence.
<template> \unskip \clearrow 
                             \relax \d@llarend \hfil \hskip \col@sep \endtem...
l.165                                   &
                                                            LSTM          & ...

? 
! Undefined control sequence.
<template> ...@sep \hskip 1sp\d@llarbegin \rowmac 
                                                  \ignorespaces 
l.165                                   &
                                                            LSTM          & ...

? 
! Undefined control sequence.
<template> ...@sep \hskip 1sp\d@llarbegin \rowmac 
                                                  \ignorespaces 
l.165 ...                    &                   L
                                                  STM          & $6.99\times...

? 
! Undefined control sequence.
<template> ...@sep \hskip 1sp\d@llarbegin \rowmac 
                                                  \ignorespaces 
l.165 ...    &                   LSTM          & $
                                                  6.99\times10^{-6}$  \\\hline
? 
! Undefined control sequence.
<template> \unskip \clearrow 
                             \relax \d@llarend \hfil \hskip \col@sep \endtem...
l.165 ...          & $6.99\times10^{-6}$  \\\hline
                                                  
? 
! Undefined control sequence.
<template> ...@sep \hskip 1sp\d@llarbegin \rowmac 
                                                  \ignorespaces 
l.177 D
       ata                            & NN type      & Lowest mean loss \\\h...

? 
! Undefined control sequence.
<template> ...@sep \hskip 1sp\d@llarbegin \rowmac 
                                                  \ignorespaces 
l.177 Data                            & N
                                         N type      & Lowest mean loss \\\h...

? 
! Undefined control sequence.
<template> ...@sep \hskip 1sp\d@llarbegin \rowmac 
                                                  \ignorespaces 
l.177 ...                       & NN type      & L
                                                  owest mean loss \\\hline\h...

? 
! Undefined control sequence.
<template> \unskip \clearrow 
                             \relax \d@llarend \hfil \hskip \col@sep \endtem...
l.177 ... NN type      & Lowest mean loss \\\hline
                                                  \hline
? 
! Undefined control sequence.
<template> ...@sep \hskip 1sp\d@llarbegin \rowmac 
                                                  \ignorespaces 
l.178 \multirow{4}
                  {*}{Intermittency}  & \setrow{\bfseries}HME          & $\m...

? 
! Undefined control sequence.
l.178 \multirow{4}{*}{Intermittency}  & \setrow
                                               {\bfseries}HME          & $\m...

? 
! Undefined control sequence.
<template> ...@sep \hskip 1sp\d@llarbegin \rowmac 
                                                  \ignorespaces 
l.178 \multirow{4}{*}{Intermittency}  & \setrow{
                                                \bfseries}HME          & $\m...

? 
! Undefined control sequence.
<template> ...@sep \hskip 1sp\d@llarbegin \rowmac 
                                                  \ignorespaces 
l.178 ...cy}  & \setrow{\bfseries}HME          & $
                                                  \mathbf{0.158152}$        ...

? 
! Undefined control sequence.
<template> \unskip \clearrow 
                             \relax \d@llarend \hfil \hskip \col@sep \endtem...
l.179                                 &
                                        Residual MLP & 0.327154             ...

? 
! Undefined control sequence.
<template> ...@sep \hskip 1sp\d@llarbegin \rowmac 
                                                  \ignorespaces 
l.179                                 &
                                        Residual MLP & 0.327154             ...

? 
! Undefined control sequence.
<template> ...@sep \hskip 1sp\d@llarbegin \rowmac 
                                                  \ignorespaces 
l.179                                 & R
                                         esidual MLP & 0.327154             ...

? 
! Undefined control sequence.
<template> ...@sep \hskip 1sp\d@llarbegin \rowmac 
                                                  \ignorespaces 
l.179 ...                       & Residual MLP & 0
                                                  .327154                   ...

? 
! Undefined control sequence.
<template> \unskip \clearrow 
                             \relax \d@llarend \hfil \hskip \col@sep \endtem...
l.180                                 &
                                        MLP          & 0.160673             ...

? 
! Undefined control sequence.
<template> ...@sep \hskip 1sp\d@llarbegin \rowmac 
                                                  \ignorespaces 
l.180                                 &
                                        MLP          & 0.160673             ...

? 
! Undefined control sequence.
<template> ...@sep \hskip 1sp\d@llarbegin \rowmac 
                                                  \ignorespaces 
l.180                                 & M
                                         LP          & 0.160673             ...

? 
! Undefined control sequence.
<template> ...@sep \hskip 1sp\d@llarbegin \rowmac 
                                                  \ignorespaces 
l.180 ...                       & MLP          & 0
                                                  .160673                   ...

? 
! Undefined control sequence.
<template> \unskip \clearrow 
                             \relax \d@llarend \hfil \hskip \col@sep \endtem...
l.181                                 &
                                        LSTM         & 0.164677             ...

? 
! Undefined control sequence.
<template> ...@sep \hskip 1sp\d@llarbegin \rowmac 
                                                  \ignorespaces 
l.181                                 &
                                        LSTM         & 0.164677             ...

? 
! Undefined control sequence.
<template> ...@sep \hskip 1sp\d@llarbegin \rowmac 
                                                  \ignorespaces 
l.181                                 & L
                                         STM         & 0.164677             ...

? 
! Undefined control sequence.
<template> ...@sep \hskip 1sp\d@llarbegin \rowmac 
                                                  \ignorespaces 
l.181 ...                       & LSTM         & 0
                                                  .164677                   ...

? 
! Undefined control sequence.
<template> \unskip \clearrow 
                             \relax \d@llarend \hfil \hskip \col@sep \endtem...
l.181 ...4677                             \\\hline
                                                  
? 
! Undefined control sequence.
<template> ...@sep \hskip 1sp\d@llarbegin \rowmac 
                                                  \ignorespaces 
l.182 \multirow{4}
                  {*}{Logistic}       & \setrow{\bfseries}HME          & $\m...

? 
! Undefined control sequence.
l.182 \multirow{4}{*}{Logistic}       & \setrow
                                               {\bfseries}HME          & $\m...

? 
! Undefined control sequence.
<template> ...@sep \hskip 1sp\d@llarbegin \rowmac 
                                                  \ignorespaces 
l.182 \multirow{4}{*}{Logistic}       & \setrow{
                                                \bfseries}HME          & $\m...

? 
! Undefined control sequence.
<template> ...@sep \hskip 1sp\d@llarbegin \rowmac 
                                                  \ignorespaces 
l.182 ...     & \setrow{\bfseries}HME          & $
                                                  \mathbf{0.219681}$        ...

? 
! Undefined control sequence.
<template> \unskip \clearrow 
                             \relax \d@llarend \hfil \hskip \col@sep \endtem...
l.183                                 &
                                        Residual MLP & 0.220254             ...

? 
! Undefined control sequence.
<template> ...@sep \hskip 1sp\d@llarbegin \rowmac 
                                                  \ignorespaces 
l.183                                 &
                                        Residual MLP & 0.220254             ...

? 
! Undefined control sequence.
<template> ...@sep \hskip 1sp\d@llarbegin \rowmac 
                                                  \ignorespaces 
l.183                                 & R
                                         esidual MLP & 0.220254             ...

? 
! Undefined control sequence.
<template> ...@sep \hskip 1sp\d@llarbegin \rowmac 
                                                  \ignorespaces 
l.183 ...                       & Residual MLP & 0
                                                  .220254                   ...

? 
! Undefined control sequence.
<template> \unskip \clearrow 
                             \relax \d@llarend \hfil \hskip \col@sep \endtem...
l.184                                 &
                                        MLP          & 0.222794             ...

? 
! Undefined control sequence.
<template> ...@sep \hskip 1sp\d@llarbegin \rowmac 
                                                  \ignorespaces 
l.184                                 &
                                        MLP          & 0.222794             ...

? 
! Undefined control sequence.
<template> ...@sep \hskip 1sp\d@llarbegin \rowmac 
                                                  \ignorespaces 
l.184                                 & M
                                         LP          & 0.222794             ...

? 
! Undefined control sequence.
<template> ...@sep \hskip 1sp\d@llarbegin \rowmac 
                                                  \ignorespaces 
l.184 ...                       & MLP          & 0
                                                  .222794                   ...

? 
! Undefined control sequence.
<template> \unskip \clearrow 
                             \relax \d@llarend \hfil \hskip \col@sep \endtem...
l.185                                 &
                                        LSTM         & 14.86825             ...

? 
! Undefined control sequence.
<template> ...@sep \hskip 1sp\d@llarbegin \rowmac 
                                                  \ignorespaces 
l.185                                 &
                                        LSTM         & 14.86825             ...

? 
! Undefined control sequence.
<template> ...@sep \hskip 1sp\d@llarbegin \rowmac 
                                                  \ignorespaces 
l.185                                 & L
                                         STM         & 14.86825             ...

? 
! Undefined control sequence.
<template> ...@sep \hskip 1sp\d@llarbegin \rowmac 
                                                  \ignorespaces 
l.185 ...                       & LSTM         & 1
                                                  4.86825                   ...

? 
! Undefined control sequence.
<template> \unskip \clearrow 
                             \relax \d@llarend \hfil \hskip \col@sep \endtem...
l.185 ...                                 \\\hline
                                                  
? 
! Undefined control sequence.
<template> ...@sep \hskip 1sp\d@llarbegin \rowmac 
                                                  \ignorespaces 
l.186 \multirow{4}
                  {*}{Atmosphere}     & \setrow{\bfseries}HME          & $\m...

? 
! Undefined control sequence.
l.186 \multirow{4}{*}{Atmosphere}     & \setrow
                                               {\bfseries}HME          & $\m...

? 
! Undefined control sequence.
<template> ...@sep \hskip 1sp\d@llarbegin \rowmac 
                                                  \ignorespaces 
l.186 \multirow{4}{*}{Atmosphere}     & \setrow{
                                                \bfseries}HME          & $\m...

? 
! Undefined control sequence.
<template> ...@sep \hskip 1sp\d@llarbegin \rowmac 
                                                  \ignorespaces 
l.186 ...     & \setrow{\bfseries}HME          & $
                                                  \mathbf{0.008987}$        ...

? 
! Undefined control sequence.
<template> \unskip \clearrow 
                             \relax \d@llarend \hfil \hskip \col@sep \endtem...
l.187                                 &
                                        Residual MLP & 0.010553             ...

? 
! Undefined control sequence.
<template> ...@sep \hskip 1sp\d@llarbegin \rowmac 
                                                  \ignorespaces 
l.187                                 &
                                        Residual MLP & 0.010553             ...

? 
! Undefined control sequence.
<template> ...@sep \hskip 1sp\d@llarbegin \rowmac 
                                                  \ignorespaces 
l.187                                 & R
                                         esidual MLP & 0.010553             ...

? 
! Undefined control sequence.
<template> ...@sep \hskip 1sp\d@llarbegin \rowmac 
                                                  \ignorespaces 
l.187 ...                       & Residual MLP & 0
                                                  .010553                   ...

? 
! Undefined control sequence.
<template> \unskip \clearrow 
                             \relax \d@llarend \hfil \hskip \col@sep \endtem...
l.188                                 &
                                        MLP          & 0.010731             ...

? 
! Undefined control sequence.
<template> ...@sep \hskip 1sp\d@llarbegin \rowmac 
                                                  \ignorespaces 
l.188                                 &
                                        MLP          & 0.010731             ...

? 
! Undefined control sequence.
<template> ...@sep \hskip 1sp\d@llarbegin \rowmac 
                                                  \ignorespaces 
l.188                                 & M
                                         LP          & 0.010731             ...

? 
! Undefined control sequence.
<template> ...@sep \hskip 1sp\d@llarbegin \rowmac 
                                                  \ignorespaces 
l.188 ...                       & MLP          & 0
                                                  .010731                   ...

? 
! Undefined control sequence.
<template> \unskip \clearrow 
                             \relax \d@llarend \hfil \hskip \col@sep \endtem...
l.189                                 &
                                        LSTM         & 0.027812             ...

? 
! Undefined control sequence.
<template> ...@sep \hskip 1sp\d@llarbegin \rowmac 
                                                  \ignorespaces 
l.189                                 &
                                        LSTM         & 0.027812             ...

? 
! Undefined control sequence.
<template> ...@sep \hskip 1sp\d@llarbegin \rowmac 
                                                  \ignorespaces 
l.189                                 & L
                                         STM         & 0.027812             ...

? 
! Undefined control sequence.
<template> ...@sep \hskip 1sp\d@llarbegin \rowmac 
                                                  \ignorespaces 
l.189 ...                       & LSTM         & 0
                                                  .027812                   ...

? 
! Undefined control sequence.
<template> \unskip \clearrow 
                             \relax \d@llarend \hfil \hskip \col@sep \endtem...
l.189 ...2                                \\\hline
                                                  
? 
<fig/intermittency.pdf, id=7, 578.16pt x 162.6075pt>
File: fig/intermittency.pdf Graphic file (type pdf)

<use fig/intermittency.pdf>
Package pdftex.def Info: fig/intermittency.pdf used on input line 206.
(pdftex.def)             Requested size: 633.85287pt x 178.28076pt.
 <fig/logistic.pdf, id=8, 578.16pt x 289.08pt>
File: fig/logistic.pdf Graphic file (type pdf)

<use fig/logistic.pdf>
Package pdftex.def Info: fig/logistic.pdf used on input line 207.
(pdftex.def)             Requested size: 582.10837pt x 291.06863pt.
 <fig/atmosphere.pdf, id=9, 578.16pt x 289.08pt>
File: fig/atmosphere.pdf Graphic file (type pdf)

<use fig/atmosphere.pdf>
Package pdftex.def Info: fig/atmosphere.pdf used on input line 208.
(pdftex.def)             Requested size: 598.28407pt x 299.15842pt.

Overfull \hbox (19.41862pt too wide) in paragraph at lines 206--209
 []|   [] 
 []

<fig/general_results.pdf, id=10, 523.9575pt x 166.94371pt>
File: fig/general_results.pdf Graphic file (type pdf)

<use fig/general_results.pdf>
Package pdftex.def Info: fig/general_results.pdf used on input line 215.
(pdftex.def)             Requested size: 646.79147pt x 206.08844pt.
 (./poster.bbl) [1

{/var/lib/texmf/fonts/map/pdftex/updmap/pdftex.map} <./RUGhatchA0width.pdf> <./
RUGR_logoEN_rood_RGB.pdf> <./fig/ResBlock.pdf> <./fig/lstmcell.pdf> <./fig/2lay
er.pdf> <./fig/intermittency.pdf

pdfTeX warning: pdflatex (file ./fig/intermittency.pdf): PDF inclusion: multipl
e pdfs with page group included in a single page
> <./fig/logistic.pdf

pdfTeX warning: pdflatex (file ./fig/logistic.pdf): PDF inclusion: multiple pdf
s with page group included in a single page
> <./fig/atmosphere.pdf

pdfTeX warning: pdflatex (file ./fig/atmosphere.pdf): PDF inclusion: multiple p
dfs with page group included in a single page
> <./fig/general_results.pdf

pdfTeX warning: pdflatex (file ./fig/general_results.pdf): PDF inclusion: multi
ple pdfs with page group included in a single page
>] (./poster.aux)

LaTeX Font Warning: Size substitutions with differences
(Font)              up to 5.4pt have occurred.


LaTeX Font Warning: Some font shapes were not available, defaults substituted.


LaTeX Warning: There were undefined references.


LaTeX Warning: Label(s) may have changed. Rerun to get cross-references right.

 ) 
Here is how much of TeX's memory you used:
 3228 strings out of 494953
 43727 string characters out of 6180978
 168374 words of memory out of 5000000
 6423 multiletter control sequences out of 15000+600000
 15672 words of font info for 58 fonts, out of 8000000 for 9000
 14 hyphenation exceptions out of 8191
 47i,15n,26p,427b,395s stack positions out of 5000i,500n,10000p,200000b,80000s
</usr/share/texlive/texmf-dist/fonts/type1/public/amsfonts/cm/cmbx12.pfb></us
r/share/texlive/texmf-dist/fonts/type1/public/amsfonts/cm/cmex10.pfb></usr/shar
e/texlive/texmf-dist/fonts/type1/public/amsfonts/cm/cmmi12.pfb></usr/share/texl
ive/texmf-dist/fonts/type1/public/amsfonts/cm/cmr17.pfb></usr/share/texlive/tex
mf-dist/fonts/type1/public/amsfonts/cm/cmss17.pfb></usr/share/texlive/texmf-dis
t/fonts/type1/public/amsfonts/cm/cmssbx10.pfb></usr/share/texlive/texmf-dist/fo
nts/type1/public/amsfonts/cm/cmssi17.pfb></usr/share/texlive/texmf-dist/fonts/t
ype1/public/amsfonts/cm/cmsy10.pfb>
Output written on poster.pdf (1 page, 260874 bytes).
PDF statistics:
 202 PDF objects out of 1000 (max. 8388607)
 62 compressed objects within 1 object stream
 0 named destinations out of 1000 (max. 500000)
 52 words of extra memory for PDF output out of 10000 (max. 10000000)

